-------------------------------------------------------------------------------
Test set: com.example.demo.SpApplicationTests
-------------------------------------------------------------------------------
Tests run: 1, Failures: 0, Errors: 1, Skipped: 0, Time elapsed: 40.719 s <<< FAILURE! - in com.example.demo.SpApplicationTests
contextLoads  Time elapsed: 0.006 s  <<< ERROR!
java.lang.IllegalStateException: Failed to load ApplicationContext for [WebMergedContextConfiguration@24520a51 testClass = com.example.demo.SpApplicationTests, locations = [], classes = [com.example.demo.SpApplication], contextInitializerClasses = [], activeProfiles = [], propertySourceLocations = [], propertySourceProperties = ["org.springframework.boot.test.context.SpringBootTestContextBootstrapper=true"], contextCustomizers = [org.springframework.boot.test.context.filter.ExcludeFilterContextCustomizer@48d61b48, org.springframework.boot.test.json.DuplicateJsonObjectContextCustomizerFactory$DuplicateJsonObjectContextCustomizer@176b75f7, org.springframework.boot.test.mock.mockito.MockitoContextCustomizer@0, org.springframework.boot.test.web.client.TestRestTemplateContextCustomizer@2d6c53fc, org.springframework.boot.test.autoconfigure.actuate.observability.ObservabilityContextCustomizerFactory$DisableObservabilityContextCustomizer@9da1, org.springframework.boot.test.autoconfigure.properties.PropertyMappingContextCustomizer@0, org.springframework.boot.test.autoconfigure.web.servlet.WebDriverContextCustomizerFactory$Customizer@2d778add, org.springframework.boot.test.context.SpringBootTestAnnotation@da100959], resourceBasePath = "src/main/webapp", contextLoader = org.springframework.boot.test.context.SpringBootContextLoader, parent = null]
Caused by: org.springframework.beans.factory.UnsatisfiedDependencyException: Error creating bean with name 'lookupController': Unsatisfied dependency expressed through field 'lookupRepo': Error creating bean with name 'lookupRepository' defined in com.example.demo.LookupRepository defined in @EnableJpaRepositories declared on JpaRepositoriesRegistrar.EnableJpaRepositoriesConfiguration: Could not create query for public abstract java.util.List com.example.demo.LookupRepository.findByLookupId(long); Reason: Failed to create query for method public abstract java.util.List com.example.demo.LookupRepository.findByLookupId(long); No property 'lookupId' found for type 'LookupEntity' Did you mean ''lookup_id''
Caused by: org.springframework.beans.factory.BeanCreationException: Error creating bean with name 'lookupRepository' defined in com.example.demo.LookupRepository defined in @EnableJpaRepositories declared on JpaRepositoriesRegistrar.EnableJpaRepositoriesConfiguration: Could not create query for public abstract java.util.List com.example.demo.LookupRepository.findByLookupId(long); Reason: Failed to create query for method public abstract java.util.List com.example.demo.LookupRepository.findByLookupId(long); No property 'lookupId' found for type 'LookupEntity' Did you mean ''lookup_id''
Caused by: org.springframework.data.repository.query.QueryCreationException: Could not create query for public abstract java.util.List com.example.demo.LookupRepository.findByLookupId(long); Reason: Failed to create query for method public abstract java.util.List com.example.demo.LookupRepository.findByLookupId(long); No property 'lookupId' found for type 'LookupEntity' Did you mean ''lookup_id''
Caused by: java.lang.IllegalArgumentException: Failed to create query for method public abstract java.util.List com.example.demo.LookupRepository.findByLookupId(long); No property 'lookupId' found for type 'LookupEntity' Did you mean ''lookup_id''
Caused by: org.springframework.data.mapping.PropertyReferenceException: No property 'lookupId' found for type 'LookupEntity' Did you mean ''lookup_id''

